  glad.cpp
  Source.cpp
D:\Others\Projects\Repos\PhysicsEngineExpRepo\PhysicsEngineExp\PhysicsEngineExp\PhysicsObjects.h(28,11): warning C4244: 'initializing': conversion from 'double' to 'float', possible loss of data
D:\Others\Projects\Repos\PhysicsEngineExpRepo\PhysicsEngineExp\PhysicsEngineExp\PhysicsObjects.h(29,11): warning C4244: 'initializing': conversion from 'double' to 'float', possible loss of data
D:\Others\Projects\Repos\PhysicsEngineExpRepo\PhysicsEngineExp\PhysicsEngineExp\PhysicsObjects.h(30,11): warning C4244: 'initializing': conversion from 'double' to 'float', possible loss of data
D:\Others\Projects\Repos\PhysicsEngineExpRepo\PhysicsEngineExp\PhysicsEngineExp\PhysicsObjects.h(43,11): warning C4244: 'initializing': conversion from 'double' to 'float', possible loss of data
D:\Others\Projects\Repos\PhysicsEngineExpRepo\PhysicsEngineExp\PhysicsEngineExp\PhysicsObjects.h(44,11): warning C4244: 'initializing': conversion from 'double' to 'float', possible loss of data
D:\Others\Projects\Repos\PhysicsEngineExpRepo\PhysicsEngineExp\PhysicsEngineExp\PhysicsObjects.h(45,11): warning C4244: 'initializing': conversion from 'double' to 'float', possible loss of data
D:\Others\Projects\Repos\PhysicsEngineExpRepo\PhysicsEngineExp\PhysicsEngineExp\PhysicsWorld.h(24,15): warning C4244: 'initializing': conversion from 'double' to 'float', possible loss of data
D:\Others\Projects\Repos\PhysicsEngineExpRepo\PhysicsEngineExp\PhysicsEngineExp\PhysicsWorld.h(103,1): warning C4267: 'initializing': conversion from 'size_t' to 'int', possible loss of data
D:\Others\Projects\Repos\PhysicsEngineExpRepo\PhysicsEngineExp\PhysicsEngineExp\PhysicsWorld.h(164,12): warning C4244: 'initializing': conversion from 'double' to 'float', possible loss of data
D:\Others\Projects\Repos\PhysicsEngineExpRepo\PhysicsEngineExp\PhysicsEngineExp\PhysicsWorld.h(165,12): warning C4244: 'initializing': conversion from 'double' to 'float', possible loss of data
D:\Others\Projects\Repos\PhysicsEngineExpRepo\PhysicsEngineExp\PhysicsEngineExp\PhysicsWorld.h(201,13): warning C4244: 'initializing': conversion from 'double' to 'float', possible loss of data
D:\Others\Projects\Repos\PhysicsEngineExpRepo\PhysicsEngineExp\PhysicsEngineExp\PhysicsWorld.h(202,13): warning C4244: 'initializing': conversion from 'double' to 'float', possible loss of data
D:\Others\Projects\Repos\PhysicsEngineExpRepo\PhysicsEngineExp\PhysicsEngineExp\PhysicsWorld.h(205,13): warning C4244: 'initializing': conversion from 'double' to 'float', possible loss of data
D:\Others\Projects\Repos\PhysicsEngineExpRepo\PhysicsEngineExp\PhysicsEngineExp\PhysicsWorld.h(206,13): warning C4244: 'initializing': conversion from 'double' to 'float', possible loss of data
D:\Others\Projects\Repos\PhysicsEngineExpRepo\PhysicsEngineExp\PhysicsEngineExp\PhysicsWorld.h(258,55): warning C4244: 'argument': conversion from 'int' to 'float', possible loss of data
D:\Others\Projects\Repos\PhysicsEngineExpRepo\PhysicsEngineExp\PhysicsEngineExp\PhysicsWorld.h(276,22): warning C4244: 'argument': conversion from 'int' to 'float', possible loss of data
D:\Others\Projects\Repos\PhysicsEngineExpRepo\PhysicsEngineExp\PhysicsEngineExp\PhysicsWorld.h(276,15): warning C4244: 'argument': conversion from 'int' to 'float', possible loss of data
D:\Others\Projects\Repos\PhysicsEngineExpRepo\PhysicsEngineExp\PhysicsEngineExp\Source.cpp(287,18): warning C4244: 'initializing': conversion from 'double' to 'float', possible loss of data
D:\Others\Projects\Repos\PhysicsEngineExpRepo\PhysicsEngineExp\PhysicsEngineExp\Source.cpp(430,32): warning C4305: 'argument': truncation from 'double' to 'float'
D:\Others\Projects\Repos\PhysicsEngineExpRepo\PhysicsEngineExp\PhysicsEngineExp\Source.cpp(433,32): warning C4305: 'argument': truncation from 'double' to 'float'
  stbImageLoader.cpp
  Generating Code...
glfw3.lib(context.obj) : warning LNK4099: PDB 'glfw3.pdb' was not found with 'glfw3.lib(context.obj)' or at 'D:\Others\Projects\Repos\PhysicsEngineExpRepo\PhysicsEngineExp\x64\Debug\glfw3.pdb'; linking object as if no debug info
glfw3.lib(init.obj) : warning LNK4099: PDB 'glfw3.pdb' was not found with 'glfw3.lib(init.obj)' or at 'D:\Others\Projects\Repos\PhysicsEngineExpRepo\PhysicsEngineExp\x64\Debug\glfw3.pdb'; linking object as if no debug info
glfw3.lib(input.obj) : warning LNK4099: PDB 'glfw3.pdb' was not found with 'glfw3.lib(input.obj)' or at 'D:\Others\Projects\Repos\PhysicsEngineExpRepo\PhysicsEngineExp\x64\Debug\glfw3.pdb'; linking object as if no debug info
glfw3.lib(monitor.obj) : warning LNK4099: PDB 'glfw3.pdb' was not found with 'glfw3.lib(monitor.obj)' or at 'D:\Others\Projects\Repos\PhysicsEngineExpRepo\PhysicsEngineExp\x64\Debug\glfw3.pdb'; linking object as if no debug info
glfw3.lib(vulkan.obj) : warning LNK4099: PDB 'glfw3.pdb' was not found with 'glfw3.lib(vulkan.obj)' or at 'D:\Others\Projects\Repos\PhysicsEngineExpRepo\PhysicsEngineExp\x64\Debug\glfw3.pdb'; linking object as if no debug info
glfw3.lib(window.obj) : warning LNK4099: PDB 'glfw3.pdb' was not found with 'glfw3.lib(window.obj)' or at 'D:\Others\Projects\Repos\PhysicsEngineExpRepo\PhysicsEngineExp\x64\Debug\glfw3.pdb'; linking object as if no debug info
glfw3.lib(win32_init.obj) : warning LNK4099: PDB 'glfw3.pdb' was not found with 'glfw3.lib(win32_init.obj)' or at 'D:\Others\Projects\Repos\PhysicsEngineExpRepo\PhysicsEngineExp\x64\Debug\glfw3.pdb'; linking object as if no debug info
glfw3.lib(win32_joystick.obj) : warning LNK4099: PDB 'glfw3.pdb' was not found with 'glfw3.lib(win32_joystick.obj)' or at 'D:\Others\Projects\Repos\PhysicsEngineExpRepo\PhysicsEngineExp\x64\Debug\glfw3.pdb'; linking object as if no debug info
glfw3.lib(win32_monitor.obj) : warning LNK4099: PDB 'glfw3.pdb' was not found with 'glfw3.lib(win32_monitor.obj)' or at 'D:\Others\Projects\Repos\PhysicsEngineExpRepo\PhysicsEngineExp\x64\Debug\glfw3.pdb'; linking object as if no debug info
glfw3.lib(win32_time.obj) : warning LNK4099: PDB 'glfw3.pdb' was not found with 'glfw3.lib(win32_time.obj)' or at 'D:\Others\Projects\Repos\PhysicsEngineExpRepo\PhysicsEngineExp\x64\Debug\glfw3.pdb'; linking object as if no debug info
glfw3.lib(win32_thread.obj) : warning LNK4099: PDB 'glfw3.pdb' was not found with 'glfw3.lib(win32_thread.obj)' or at 'D:\Others\Projects\Repos\PhysicsEngineExpRepo\PhysicsEngineExp\x64\Debug\glfw3.pdb'; linking object as if no debug info
glfw3.lib(win32_window.obj) : warning LNK4099: PDB 'glfw3.pdb' was not found with 'glfw3.lib(win32_window.obj)' or at 'D:\Others\Projects\Repos\PhysicsEngineExpRepo\PhysicsEngineExp\x64\Debug\glfw3.pdb'; linking object as if no debug info
glfw3.lib(wgl_context.obj) : warning LNK4099: PDB 'glfw3.pdb' was not found with 'glfw3.lib(wgl_context.obj)' or at 'D:\Others\Projects\Repos\PhysicsEngineExpRepo\PhysicsEngineExp\x64\Debug\glfw3.pdb'; linking object as if no debug info
glfw3.lib(egl_context.obj) : warning LNK4099: PDB 'glfw3.pdb' was not found with 'glfw3.lib(egl_context.obj)' or at 'D:\Others\Projects\Repos\PhysicsEngineExpRepo\PhysicsEngineExp\x64\Debug\glfw3.pdb'; linking object as if no debug info
glfw3.lib(osmesa_context.obj) : warning LNK4099: PDB 'glfw3.pdb' was not found with 'glfw3.lib(osmesa_context.obj)' or at 'D:\Others\Projects\Repos\PhysicsEngineExpRepo\PhysicsEngineExp\x64\Debug\glfw3.pdb'; linking object as if no debug info
  PhysicsEngineExp.vcxproj -> D:\Others\Projects\Repos\PhysicsEngineExpRepo\PhysicsEngineExp\x64\Debug\PhysicsEngineExp.exe
